<?xml version="1.0" encoding="UTF-8" ?>
<testsuite tests="3" failures="0" name="life.arganzheng.study.springmvc.controller.MyRestControllerTest" time="5.686" errors="0" skipped="0">
  <properties>
[...]
</properties>
  <testcase classname="life.arganzheng.study.springmvc.controller.MyRestControllerTest" name="testGetJson" time="3.31"/>
  <testcase classname="life.arganzheng.study.springmvc.controller.MyRestControllerTest" name="testGetText" time="0.195"/>
  <testcase classname="life.arganzheng.study.springmvc.controller.MyRestControllerTest" name="testGetXml" time="2.181"/>
</testsuite>